<?xml version="1.0" encoding="UTF-8"?>
<!-- Generated by org.testng.reporters.JUnitXMLReporter -->
<testsuite hostname="MC0Y6RJC" ignored="0" name="Default test" tests="4" failures="0" timestamp="22 Dec 2017 09:51:37 GMT" time="32.323" errors="0">
  <testcase name="login" time="4.436" classname="com.assignment6.ExcelData"/>
  <testcase name="selectDress" time="9.876" classname="com.assignment6.ExcelData"/>
  <testcase name="addToCart" time="4.51" classname="com.assignment6.ExcelData"/>
  <testcase name="goToAddress" time="1.358" classname="com.assignment6.ExcelData"/>
</testsuite> <!-- Default test -->
